*** Using Compiler 'V5.06 update 1 (build 61)', folder: 'C:\Program Files\Keil_v5\ARM\ARMCC\Bin'
Build target 'Target 1'
compiling TEMCU_ADC.c...
compiling TEMCU_Flash.c...
compiling TEMCU_DMA.c...
compiling TEMCU_Timer.c...
compiling TEMCU_IOInit_AC7801x_LQFP48.c...
compiling TEMCU_NVIC.c...
compiling TEEvent.c...
compiling TESW_EEPROM.c...
compiling TEMCU_Uart.c...
compiling TECom.c...
compiling TECrc16_modbus.c...
compiling main.c...
compiling TECom_Cache.c...
compiling ac780x_ckgen.c...
compiling ac780x_adc.c...
compiling ac780x_dma.c...
compiling ac780x_eflash.c...
compiling ac780x_spm.c...
compiling ac780x_gpio.c...
compiling ac780x_timer.c...
compiling ac780x_wdg.c...
compiling ac780x_uart.c...
assembling startup_ac780x.s...
compiling system_ac780x.c...
linking...
Program Size: Code=7024 RO-data=292 RW-data=180 ZI-data=1212  
".\Objects\CO2_Sensor.axf" - 0 Error(s), 0 Warning(s).
Build Time Elapsed:  00:00:08
